{"/home/ec2-user/environment/advanced_problems/triangle.js": {"path":"/home/ec2-user/environment/advanced_problems/triangle.js","statementMap":{"0":{"start":{"line":3,"column":4},"end":{"line":3,"column":23}},"1":{"start":{"line":4,"column":4},"end":{"line":4,"column":23}},"2":{"start":{"line":5,"column":4},"end":{"line":5,"column":23}},"3":{"start":{"line":7,"column":4},"end":{"line":10,"column":5}},"4":{"start":{"line":8,"column":6},"end":{"line":8,"column":24}},"5":{"start":{"line":9,"column":6},"end":{"line":9,"column":13}},"6":{"start":{"line":12,"column":4},"end":{"line":18,"column":5}},"7":{"start":{"line":13,"column":6},"end":{"line":13,"column":31}},"8":{"start":{"line":14,"column":11},"end":{"line":18,"column":5}},"9":{"start":{"line":15,"column":6},"end":{"line":15,"column":30}},"10":{"start":{"line":16,"column":11},"end":{"line":18,"column":5}},"11":{"start":{"line":17,"column":6},"end":{"line":17,"column":28}},"12":{"start":{"line":21,"column":4},"end":{"line":25,"column":5}},"13":{"start":{"line":22,"column":6},"end":{"line":22,"column":23}},"14":{"start":{"line":24,"column":6},"end":{"line":24,"column":23}},"15":{"start":{"line":28,"column":4},"end":{"line":28,"column":69}},"16":{"start":{"line":28,"column":45},"end":{"line":28,"column":53}},"17":{"start":{"line":28,"column":56},"end":{"line":28,"column":69}},"18":{"start":{"line":29,"column":4},"end":{"line":29,"column":100}},"19":{"start":{"line":29,"column":87},"end":{"line":29,"column":100}},"20":{"start":{"line":30,"column":4},"end":{"line":30,"column":16}},"21":{"start":{"line":33,"column":4},"end":{"line":33,"column":46}},"22":{"start":{"line":36,"column":4},"end":{"line":36,"column":71}},"23":{"start":{"line":39,"column":4},"end":{"line":39,"column":71}},"24":{"start":{"line":44,"column":0},"end":{"line":44,"column":26}}},"fnMap":{"0":{"name":"(anonymous_0)","decl":{"start":{"line":2,"column":2},"end":{"line":2,"column":3}},"loc":{"start":{"line":2,"column":36},"end":{"line":19,"column":3}},"line":2},"1":{"name":"(anonymous_1)","decl":{"start":{"line":20,"column":2},"end":{"line":20,"column":3}},"loc":{"start":{"line":20,"column":9},"end":{"line":26,"column":3}},"line":20},"2":{"name":"(anonymous_2)","decl":{"start":{"line":27,"column":2},"end":{"line":27,"column":3}},"loc":{"start":{"line":27,"column":34},"end":{"line":31,"column":3}},"line":27},"3":{"name":"(anonymous_3)","decl":{"start":{"line":28,"column":37},"end":{"line":28,"column":38}},"loc":{"start":{"line":28,"column":45},"end":{"line":28,"column":53}},"line":28},"4":{"name":"(anonymous_4)","decl":{"start":{"line":32,"column":2},"end":{"line":32,"column":3}},"loc":{"start":{"line":32,"column":37},"end":{"line":34,"column":3}},"line":32},"5":{"name":"(anonymous_5)","decl":{"start":{"line":35,"column":2},"end":{"line":35,"column":3}},"loc":{"start":{"line":35,"column":35},"end":{"line":37,"column":3}},"line":35},"6":{"name":"(anonymous_6)","decl":{"start":{"line":38,"column":2},"end":{"line":38,"column":3}},"loc":{"start":{"line":38,"column":33},"end":{"line":40,"column":3}},"line":38}},"branchMap":{"0":{"loc":{"start":{"line":7,"column":4},"end":{"line":10,"column":5}},"type":"if","locations":[{"start":{"line":7,"column":4},"end":{"line":10,"column":5}},{"start":{"line":7,"column":4},"end":{"line":10,"column":5}}],"line":7},"1":{"loc":{"start":{"line":12,"column":4},"end":{"line":18,"column":5}},"type":"if","locations":[{"start":{"line":12,"column":4},"end":{"line":18,"column":5}},{"start":{"line":12,"column":4},"end":{"line":18,"column":5}}],"line":12},"2":{"loc":{"start":{"line":14,"column":11},"end":{"line":18,"column":5}},"type":"if","locations":[{"start":{"line":14,"column":11},"end":{"line":18,"column":5}},{"start":{"line":14,"column":11},"end":{"line":18,"column":5}}],"line":14},"3":{"loc":{"start":{"line":16,"column":11},"end":{"line":18,"column":5}},"type":"if","locations":[{"start":{"line":16,"column":11},"end":{"line":18,"column":5}},{"start":{"line":16,"column":11},"end":{"line":18,"column":5}}],"line":16},"4":{"loc":{"start":{"line":21,"column":4},"end":{"line":25,"column":5}},"type":"if","locations":[{"start":{"line":21,"column":4},"end":{"line":25,"column":5}},{"start":{"line":21,"column":4},"end":{"line":25,"column":5}}],"line":21},"5":{"loc":{"start":{"line":28,"column":4},"end":{"line":28,"column":69}},"type":"if","locations":[{"start":{"line":28,"column":4},"end":{"line":28,"column":69}},{"start":{"line":28,"column":4},"end":{"line":28,"column":69}}],"line":28},"6":{"loc":{"start":{"line":29,"column":4},"end":{"line":29,"column":100}},"type":"if","locations":[{"start":{"line":29,"column":4},"end":{"line":29,"column":100}},{"start":{"line":29,"column":4},"end":{"line":29,"column":100}}],"line":29},"7":{"loc":{"start":{"line":29,"column":8},"end":{"line":29,"column":85}},"type":"binary-expr","locations":[{"start":{"line":29,"column":9},"end":{"line":29,"column":30}},{"start":{"line":29,"column":36},"end":{"line":29,"column":57}},{"start":{"line":29,"column":63},"end":{"line":29,"column":84}}],"line":29},"8":{"loc":{"start":{"line":33,"column":11},"end":{"line":33,"column":45}},"type":"binary-expr","locations":[{"start":{"line":33,"column":11},"end":{"line":33,"column":26}},{"start":{"line":33,"column":30},"end":{"line":33,"column":45}}],"line":33},"9":{"loc":{"start":{"line":36,"column":11},"end":{"line":36,"column":70}},"type":"binary-expr","locations":[{"start":{"line":36,"column":12},"end":{"line":36,"column":27}},{"start":{"line":36,"column":33},"end":{"line":36,"column":48}},{"start":{"line":36,"column":54},"end":{"line":36,"column":69}}],"line":36},"10":{"loc":{"start":{"line":39,"column":11},"end":{"line":39,"column":70}},"type":"binary-expr","locations":[{"start":{"line":39,"column":12},"end":{"line":39,"column":27}},{"start":{"line":39,"column":33},"end":{"line":39,"column":48}},{"start":{"line":39,"column":54},"end":{"line":39,"column":69}}],"line":39}},"s":{"0":15,"1":15,"2":15,"3":15,"4":5,"5":5,"6":10,"7":2,"8":8,"9":4,"10":4,"11":4,"12":15,"13":5,"14":10,"15":15,"16":43,"17":2,"18":13,"19":3,"20":10,"21":10,"22":8,"23":4,"24":1},"f":{"0":15,"1":15,"2":15,"3":43,"4":10,"5":8,"6":4},"b":{"0":[5,10],"1":[2,8],"2":[4,4],"3":[4,0],"4":[5,10],"5":[2,13],"6":[3,10],"7":[13,12,12],"8":[10,4],"9":[8,6,5],"10":[4,4,4]},"_coverageSchema":"1a1c01bbd47fc00a2c39e90264f33305004495a9","hash":"3c1f3e59bf35f4a0f94e73237c415054a0405780"}
}
