TN:
SF:triangle.js
FN:2,(anonymous_0)
FN:20,(anonymous_1)
FN:27,(anonymous_2)
FN:28,(anonymous_3)
FN:32,(anonymous_4)
FN:35,(anonymous_5)
FN:38,(anonymous_6)
FNF:7
FNH:7
FNDA:15,(anonymous_0)
FNDA:15,(anonymous_1)
FNDA:15,(anonymous_2)
FNDA:43,(anonymous_3)
FNDA:10,(anonymous_4)
FNDA:8,(anonymous_5)
FNDA:4,(anonymous_6)
DA:3,15
DA:4,15
DA:5,15
DA:7,15
DA:8,5
DA:9,5
DA:12,10
DA:13,2
DA:14,8
DA:15,4
DA:16,4
DA:17,4
DA:21,15
DA:22,5
DA:24,10
DA:28,43
DA:29,13
DA:30,10
DA:33,10
DA:36,8
DA:39,4
DA:44,1
LF:22
LH:22
BRDA:7,0,0,5
BRDA:7,0,1,10
BRDA:12,1,0,2
BRDA:12,1,1,8
BRDA:14,2,0,4
BRDA:14,2,1,4
BRDA:16,3,0,4
BRDA:16,3,1,0
BRDA:21,4,0,5
BRDA:21,4,1,10
BRDA:28,5,0,2
BRDA:28,5,1,13
BRDA:29,6,0,3
BRDA:29,6,1,10
BRDA:29,7,0,13
BRDA:29,7,1,12
BRDA:29,7,2,12
BRDA:33,8,0,10
BRDA:33,8,1,4
BRDA:36,9,0,8
BRDA:36,9,1,6
BRDA:36,9,2,5
BRDA:39,10,0,4
BRDA:39,10,1,4
BRDA:39,10,2,4
BRF:25
BRH:24
end_of_record
